::1 - - [02/Jul/2024:05:47:39 +0000] "GET /api/listing/get?offer=true&limit=4 HTTP/1.1" 200 2035 "http://localhost:5173/" "Mozilla/5.0 (X11; Linux x86_64; rv:127.0) Gecko/20100101 Firefox/127.0"
::1 - - [02/Jul/2024:05:47:40 +0000] "GET /api/listing/get?type=rent&limit=4 HTTP/1.1" 304 - "http://localhost:5173/" "Mozilla/5.0 (X11; Linux x86_64; rv:127.0) Gecko/20100101 Firefox/127.0"
::1 - - [02/Jul/2024:05:47:40 +0000] "GET /api/listing/get?type=sale?limit=4 HTTP/1.1" 200 30 "http://localhost:5173/" "Mozilla/5.0 (X11; Linux x86_64; rv:127.0) Gecko/20100101 Firefox/127.0"
::1 - - [02/Jul/2024:05:48:18 +0000] "POST /api/auth/signin HTTP/1.1" 200 279 "http://localhost:5173/signin" "Mozilla/5.0 (X11; Linux x86_64; rv:127.0) Gecko/20100101 Firefox/127.0"
::1 - - [02/Jul/2024:05:48:19 +0000] "GET /api/listing/get?offer=true&limit=4 HTTP/1.1" 304 - "http://localhost:5173/" "Mozilla/5.0 (X11; Linux x86_64; rv:127.0) Gecko/20100101 Firefox/127.0"
::1 - - [02/Jul/2024:05:48:19 +0000] "GET /api/listing/get?type=rent&limit=4 HTTP/1.1" 304 - "http://localhost:5173/" "Mozilla/5.0 (X11; Linux x86_64; rv:127.0) Gecko/20100101 Firefox/127.0"
::1 - - [02/Jul/2024:05:48:19 +0000] "GET /api/listing/get?type=sale?limit=4 HTTP/1.1" 304 - "http://localhost:5173/" "Mozilla/5.0 (X11; Linux x86_64; rv:127.0) Gecko/20100101 Firefox/127.0"
::1 - - [02/Jul/2024:05:48:31 +0000] "GET /api/user/listings/6663368dc7bee3e201d662fd HTTP/1.1" 200 4357 "http://localhost:5173/account" "Mozilla/5.0 (X11; Linux x86_64; rv:127.0) Gecko/20100101 Firefox/127.0"
::1 - - [02/Jul/2024:05:48:31 +0000] "GET /api/user/listings/6663368dc7bee3e201d662fd HTTP/1.1" 304 - "http://localhost:5173/user/listings" "Mozilla/5.0 (X11; Linux x86_64; rv:127.0) Gecko/20100101 Firefox/127.0"
::1 - - [02/Jul/2024:05:48:42 +0000] "GET /api/auth/signOut HTTP/1.1" 200 39 "http://localhost:5173/account" "Mozilla/5.0 (X11; Linux x86_64; rv:127.0) Gecko/20100101 Firefox/127.0"
::1 - - [02/Jul/2024:05:49:26 +0000] "POST /api/auth/signup HTTP/1.1" 201 31 "http://localhost:5173/signup" "Mozilla/5.0 (X11; Linux x86_64; rv:127.0) Gecko/20100101 Firefox/127.0"
::1 - - [02/Jul/2024:05:49:44 +0000] "GET /api/listing/get?searchTerm= HTTP/1.1" 200 4357 "http://localhost:5173/search/?searchTerm=" "Mozilla/5.0 (X11; Linux x86_64; rv:127.0) Gecko/20100101 Firefox/127.0"
::1 - - [02/Jul/2024:05:50:04 +0000] "GET /api/listing/get?offer=true&limit=4 HTTP/1.1" 200 2035 "http://localhost:5173/" "Mozilla/5.0 (X11; Linux x86_64; rv:127.0) Gecko/20100101 Firefox/127.0"
::1 - - [02/Jul/2024:05:50:04 +0000] "GET /api/listing/get?type=rent&limit=4 HTTP/1.1" 200 4357 "http://localhost:5173/" "Mozilla/5.0 (X11; Linux x86_64; rv:127.0) Gecko/20100101 Firefox/127.0"
::1 - - [02/Jul/2024:05:50:04 +0000] "GET /api/listing/get?type=sale?limit=4 HTTP/1.1" 304 - "http://localhost:5173/" "Mozilla/5.0 (X11; Linux x86_64; rv:127.0) Gecko/20100101 Firefox/127.0"
::1 - - [02/Jul/2024:05:52:32 +0000] "GET /api/listing/get?offer=true&limit=4 HTTP/1.1" 304 - "http://localhost:5173/" "Mozilla/5.0 (X11; Linux x86_64; rv:127.0) Gecko/20100101 Firefox/127.0"
::1 - - [02/Jul/2024:05:52:32 +0000] "GET /api/listing/get?type=rent&limit=4 HTTP/1.1" 304 - "http://localhost:5173/" "Mozilla/5.0 (X11; Linux x86_64; rv:127.0) Gecko/20100101 Firefox/127.0"
::1 - - [02/Jul/2024:05:52:33 +0000] "GET /api/listing/get?type=sale?limit=4 HTTP/1.1" 304 - "http://localhost:5173/" "Mozilla/5.0 (X11; Linux x86_64; rv:127.0) Gecko/20100101 Firefox/127.0"
::1 - - [02/Jul/2024:05:52:46 +0000] "GET /api/listing/get?searchTerm= HTTP/1.1" 304 - "http://localhost:5173/search/?searchTerm=" "Mozilla/5.0 (X11; Linux x86_64; rv:127.0) Gecko/20100101 Firefox/127.0"
::1 - - [02/Jul/2024:05:53:43 +0000] "GET /api/listing/get?offer=true&limit=4 HTTP/1.1" 304 - "http://localhost:5173/" "Mozilla/5.0 (X11; Linux x86_64; rv:127.0) Gecko/20100101 Firefox/127.0"
::1 - - [02/Jul/2024:05:53:43 +0000] "GET /api/listing/get?type=rent&limit=4 HTTP/1.1" 304 - "http://localhost:5173/" "Mozilla/5.0 (X11; Linux x86_64; rv:127.0) Gecko/20100101 Firefox/127.0"
::1 - - [02/Jul/2024:05:53:43 +0000] "GET /api/listing/get?type=sale?limit=4 HTTP/1.1" 304 - "http://localhost:5173/" "Mozilla/5.0 (X11; Linux x86_64; rv:127.0) Gecko/20100101 Firefox/127.0"
::1 - - [02/Jul/2024:05:54:28 +0000] "GET /api/listing/get?offer=true&limit=4 HTTP/1.1" 304 - "http://localhost:5173/" "Mozilla/5.0 (X11; Linux x86_64; rv:127.0) Gecko/20100101 Firefox/127.0"
::1 - - [02/Jul/2024:05:54:28 +0000] "GET /api/listing/get?type=rent&limit=4 HTTP/1.1" 304 - "http://localhost:5173/" "Mozilla/5.0 (X11; Linux x86_64; rv:127.0) Gecko/20100101 Firefox/127.0"
::1 - - [02/Jul/2024:05:54:28 +0000] "GET /api/listing/get?type=sale?limit=4 HTTP/1.1" 304 - "http://localhost:5173/" "Mozilla/5.0 (X11; Linux x86_64; rv:127.0) Gecko/20100101 Firefox/127.0"
::1 - - [02/Jul/2024:05:57:39 +0000] "GET /api/listing/get?offer=true&limit=4 HTTP/1.1" 304 - "http://localhost:5173/" "Mozilla/5.0 (X11; Linux x86_64; rv:127.0) Gecko/20100101 Firefox/127.0"
::1 - - [02/Jul/2024:05:57:39 +0000] "GET /api/listing/get?type=rent&limit=4 HTTP/1.1" 304 - "http://localhost:5173/" "Mozilla/5.0 (X11; Linux x86_64; rv:127.0) Gecko/20100101 Firefox/127.0"
::1 - - [02/Jul/2024:05:57:39 +0000] "GET /api/listing/get?type=sale?limit=4 HTTP/1.1" 304 - "http://localhost:5173/" "Mozilla/5.0 (X11; Linux x86_64; rv:127.0) Gecko/20100101 Firefox/127.0"
::1 - - [02/Jul/2024:05:58:30 +0000] "GET /api/listing/get?offer=true&limit=4 HTTP/1.1" 304 - "http://localhost:5173/" "Mozilla/5.0 (X11; Linux x86_64; rv:127.0) Gecko/20100101 Firefox/127.0"
::1 - - [02/Jul/2024:05:58:30 +0000] "GET /api/listing/get?type=rent&limit=4 HTTP/1.1" 304 - "http://localhost:5173/" "Mozilla/5.0 (X11; Linux x86_64; rv:127.0) Gecko/20100101 Firefox/127.0"
::1 - - [02/Jul/2024:05:58:30 +0000] "GET /api/listing/get?type=sale?limit=4 HTTP/1.1" 304 - "http://localhost:5173/" "Mozilla/5.0 (X11; Linux x86_64; rv:127.0) Gecko/20100101 Firefox/127.0"
::1 - - [02/Jul/2024:05:58:32 +0000] "GET /api/listing/get?offer=true&limit=4 HTTP/1.1" 304 - "http://localhost:5173/" "Mozilla/5.0 (X11; Linux x86_64; rv:127.0) Gecko/20100101 Firefox/127.0"
::1 - - [02/Jul/2024:05:58:32 +0000] "GET /api/listing/get?type=rent&limit=4 HTTP/1.1" 304 - "http://localhost:5173/" "Mozilla/5.0 (X11; Linux x86_64; rv:127.0) Gecko/20100101 Firefox/127.0"
::1 - - [02/Jul/2024:05:58:32 +0000] "GET /api/listing/get?type=sale?limit=4 HTTP/1.1" 304 - "http://localhost:5173/" "Mozilla/5.0 (X11; Linux x86_64; rv:127.0) Gecko/20100101 Firefox/127.0"
::1 - - [02/Jul/2024:06:12:37 +0000] "GET /api/listing/get?offer=true&limit=4 HTTP/1.1" 304 - "http://localhost:5173/" "Mozilla/5.0 (X11; Linux x86_64; rv:127.0) Gecko/20100101 Firefox/127.0"
::1 - - [02/Jul/2024:06:12:37 +0000] "GET /api/listing/get?type=rent&limit=4 HTTP/1.1" 304 - "http://localhost:5173/" "Mozilla/5.0 (X11; Linux x86_64; rv:127.0) Gecko/20100101 Firefox/127.0"
::1 - - [02/Jul/2024:06:12:37 +0000] "GET /api/listing/get?type=sale?limit=4 HTTP/1.1" 304 - "http://localhost:5173/" "Mozilla/5.0 (X11; Linux x86_64; rv:127.0) Gecko/20100101 Firefox/127.0"
::1 - - [02/Jul/2024:06:12:55 +0000] "GET /api/listing/get?offer=true&limit=4 HTTP/1.1" 304 - "http://localhost:5173/" "Mozilla/5.0 (X11; Linux x86_64; rv:127.0) Gecko/20100101 Firefox/127.0"
::1 - - [02/Jul/2024:06:12:55 +0000] "GET /api/listing/get?type=rent&limit=4 HTTP/1.1" 304 - "http://localhost:5173/" "Mozilla/5.0 (X11; Linux x86_64; rv:127.0) Gecko/20100101 Firefox/127.0"
::1 - - [02/Jul/2024:06:12:55 +0000] "GET /api/listing/get?type=sale?limit=4 HTTP/1.1" 304 - "http://localhost:5173/" "Mozilla/5.0 (X11; Linux x86_64; rv:127.0) Gecko/20100101 Firefox/127.0"
::1 - - [02/Jul/2024:06:13:01 +0000] "GET /api/listing/get?offer=true&limit=4 HTTP/1.1" 304 - "http://localhost:5173/" "Mozilla/5.0 (X11; Linux x86_64; rv:127.0) Gecko/20100101 Firefox/127.0"
::1 - - [02/Jul/2024:06:13:01 +0000] "GET /api/listing/get?type=rent&limit=4 HTTP/1.1" 304 - "http://localhost:5173/" "Mozilla/5.0 (X11; Linux x86_64; rv:127.0) Gecko/20100101 Firefox/127.0"
::1 - - [02/Jul/2024:06:13:01 +0000] "GET /api/listing/get?type=sale?limit=4 HTTP/1.1" 304 - "http://localhost:5173/" "Mozilla/5.0 (X11; Linux x86_64; rv:127.0) Gecko/20100101 Firefox/127.0"
::1 - - [02/Jul/2024:06:13:09 +0000] "GET /api/listing/get?offer=true&limit=4 HTTP/1.1" 304 - "http://localhost:5173/" "Mozilla/5.0 (X11; Linux x86_64; rv:127.0) Gecko/20100101 Firefox/127.0"
::1 - - [02/Jul/2024:06:13:09 +0000] "GET /api/listing/get?type=rent&limit=4 HTTP/1.1" 304 - "http://localhost:5173/" "Mozilla/5.0 (X11; Linux x86_64; rv:127.0) Gecko/20100101 Firefox/127.0"
::1 - - [02/Jul/2024:06:13:09 +0000] "GET /api/listing/get?type=sale?limit=4 HTTP/1.1" 304 - "http://localhost:5173/" "Mozilla/5.0 (X11; Linux x86_64; rv:127.0) Gecko/20100101 Firefox/127.0"
::1 - - [02/Jul/2024:06:13:16 +0000] "GET /api/listing/get?offer=true&limit=4 HTTP/1.1" 304 - "http://localhost:5173/" "Mozilla/5.0 (X11; Linux x86_64; rv:127.0) Gecko/20100101 Firefox/127.0"
::1 - - [02/Jul/2024:06:13:16 +0000] "GET /api/listing/get?type=rent&limit=4 HTTP/1.1" 304 - "http://localhost:5173/" "Mozilla/5.0 (X11; Linux x86_64; rv:127.0) Gecko/20100101 Firefox/127.0"
::1 - - [02/Jul/2024:06:13:17 +0000] "GET /api/listing/get?type=sale?limit=4 HTTP/1.1" 304 - "http://localhost:5173/" "Mozilla/5.0 (X11; Linux x86_64; rv:127.0) Gecko/20100101 Firefox/127.0"
::1 - - [02/Jul/2024:06:13:20 +0000] "GET /api/listing/get?offer=true&limit=4 HTTP/1.1" 304 - "http://localhost:5173/" "Mozilla/5.0 (X11; Linux x86_64; rv:127.0) Gecko/20100101 Firefox/127.0"
::1 - - [02/Jul/2024:06:13:20 +0000] "GET /api/listing/get?type=rent&limit=4 HTTP/1.1" 304 - "http://localhost:5173/" "Mozilla/5.0 (X11; Linux x86_64; rv:127.0) Gecko/20100101 Firefox/127.0"
::1 - - [02/Jul/2024:06:13:21 +0000] "GET /api/listing/get?type=sale?limit=4 HTTP/1.1" 304 - "http://localhost:5173/" "Mozilla/5.0 (X11; Linux x86_64; rv:127.0) Gecko/20100101 Firefox/127.0"
::1 - - [02/Jul/2024:06:13:33 +0000] "GET /api/listing/get?offer=true&limit=4 HTTP/1.1" 304 - "http://localhost:5173/" "Mozilla/5.0 (X11; Linux x86_64; rv:127.0) Gecko/20100101 Firefox/127.0"
::1 - - [02/Jul/2024:06:13:33 +0000] "GET /api/listing/get?type=rent&limit=4 HTTP/1.1" 304 - "http://localhost:5173/" "Mozilla/5.0 (X11; Linux x86_64; rv:127.0) Gecko/20100101 Firefox/127.0"
::1 - - [02/Jul/2024:06:13:33 +0000] "GET /api/listing/get?type=sale?limit=4 HTTP/1.1" 304 - "http://localhost:5173/" "Mozilla/5.0 (X11; Linux x86_64; rv:127.0) Gecko/20100101 Firefox/127.0"
